<?xml version="1.0" encoding="UTF-8"?>
<definition id="oval:org.mitre.oval:def:12288" version="8" class="compliance" xmlns="http://oval.mitre.org/XMLSchema/oval-definitions-5" xmlns:xsi="http://www.w3.org/2001/XMLSchema-instance" xmlns:oval="http://oval.mitre.org/XMLSchema/oval-common-5" xmlns:oval-def="http://oval.mitre.org/XMLSchema/oval-definitions-5">
  <metadata>
    <title>Delete History and Form Data</title>
    <affected family="windows">
      <platform>Microsoft Windows 2000</platform>
      <platform>Microsoft Windows XP</platform>
      <platform>Microsoft Windows Server 2003</platform>
      <platform>Microsoft Windows Server 2008</platform>
      <platform>Microsoft Windows Server 2008 R2</platform>
      <platform>Microsoft Windows Vista</platform>
      <platform>Microsoft Windows 7</platform>
      <platform>Microsoft Windows 8</platform>
      <platform>Microsoft Windows Server 2012</platform>
      <product>Mozilla Firefox</product>
    </affected>
    <reference ref_id="2.7.4" ref_url="http://cisecurity.org/en-us/?route=downloads.multiform" source="CIS Firefox Benchmark v1.1.0"/>
    <description>Prevent Firefox from storing the sites visited, information typed in forms, and downloads from Internet resources.</description>
    <oval_repository>
      <dates>
        <submitted date="2011-08-10T12:10:11">
          <contributor organization="CERT/CC">Michael A. Logoyda</contributor>
        </submitted>
        <status_change date="2011-08-10T14:49:20.682-04:00">DRAFT</status_change>
        <modified comment="EDITED oval:org.mitre.oval:def:12288 - Removed Microsoft Windows XP Platform tag." date="2011-08-10T14:56:00.157-04:00">
          <contributor organization="The MITRE Corporation">Jonathan Baker</contributor>
        </modified>
        <status_change date="2011-08-29T04:00:04.118-04:00">INTERIM</status_change>
        <status_change date="2011-09-15T10:59:22.650-04:00">ACCEPTED</status_change>
        <modified comment="EDITED oval:org.mitre.oval:obj:15702 - Updated series of Objects to escape .(period) character." date="2012-01-13T17:35:00.266-05:00">
          <contributor organization="G2, Inc.">Shane Shaffer</contributor>
        </modified>
        <status_change date="2012-01-13T17:36:49.435-05:00">INTERIM</status_change>
        <status_change date="2012-01-30T04:00:08.871-05:00">ACCEPTED</status_change>
        <modified comment="EDITED oval:org.mitre.oval:def:12288 - Fixed Definitions with missing platforms." date="2012-12-12T17:14:00.907-05:00">
          <contributor organization="SecPod Technologies">Chandan S</contributor>
        </modified>
        <status_change date="2012-12-12T17:21:29.953-05:00">INTERIM</status_change>
        <status_change date="2012-12-31T04:00:09.253-05:00">ACCEPTED</status_change>
      </dates>
      <status>ACCEPTED</status>
    </oval_repository>
  </metadata>
  <criteria operator="AND">
    <extend_definition comment="Mozilla Firefox is installed" definition_ref="oval:org.mitre.oval:def:6562"/>
    <criterion comment="Prevent Firefox from storing the sites visited, information typed in forms, and downloads from Internet resources." test_ref="oval:org.mitre.oval:tst:43802"/>
  </criteria>
</definition>